# JRE version: OpenJDK Runtime Environment Temurin-21.0.10+7 (21.0.10+7) (build 21.0.10+7-LTS)
# Java VM: OpenJDK 64-Bit Server VM Temurin-21.0.10+7 (21.0.10+7-LTS, mixed mode, sharing, tiered, compressed oops, compressed class ptrs, parallel gc, windows-amd64)
GC Precious Log:
 CardTable entry size: 512
 CPUs: 8 total, 8 available
 Memory: 12119M
 Large Page Support: Disabled
 NUMA Support: Disabled
 Compressed Oops: Enabled (32-bit)
 Alignments: Space 512K, Generation 512K, Heap 2M
 Heap Min Capacity: 100M
 Heap Initial Capacity: 100M
 Heap Max Capacity: 2G
 Pre-touch: Disabled
 Parallel Workers: 8
Heap:
 PSYoungGen      total 5632K, used 2636K [0x00000000d5580000, 0x00000000d5f80000, 0x0000000100000000)
  eden space 4096K, 38% used [0x00000000d5580000,0x00000000d570b030,0x00000000d5980000)
  from space 1536K, 68% used [0x00000000d5e00000,0x00000000d5f08000,0x00000000d5f80000)
  to   space 2048K, 0% used [0x00000000d5b80000,0x00000000d5b80000,0x00000000d5d80000)
 ParOldGen       total 216576K, used 216322K [0x0000000080000000, 0x000000008d380000, 0x00000000d5580000)
  object space 216576K, 99% used [0x0000000080000000,0x000000008d340a38,0x000000008d380000)
 Metaspace       used 66903K, committed 68416K, reserved 1114112K
  class space    used 7075K, committed 7744K, reserved 1048576K
GC Heap History (20 events):
Event: 135.417 GC heap before
{Heap before GC invocations=112 (full 3):
 PSYoungGen      total 3072K, used 2639K [0x00000000d5580000, 0x00000000d5a00000, 0x0000000100000000)
  eden space 1536K, 100% used [0x00000000d5580000,0x00000000d5700000,0x00000000d5700000)
  from space 1536K, 71% used [0x00000000d5880000,0x00000000d5993e90,0x00000000d5a00000)
  to   space 1536K, 0% used [0x00000000d5700000,0x00000000d5700000,0x00000000d5880000)
 ParOldGen       total 197632K, used 197297K [0x0000000080000000, 0x000000008c100000, 0x00000000d5580000)
  object space 197632K, 99% used [0x0000000080000000,0x000000008c0ac6a0,0x000000008c100000)
 Metaspace       used 66828K, committed 68288K, reserved 1114112K
  class space    used 7071K, committed 7744K, reserved 1048576K
}
Event: 135.418 GC heap after
{Heap after GC invocations=112 (full 3):
 PSYoungGen      total 3072K, used 1536K [0x00000000d5580000, 0x00000000d5d80000, 0x0000000100000000)
  eden space 1536K, 0% used [0x00000000d5580000,0x00000000d5580000,0x00000000d5700000)
  from space 1536K, 100% used [0x00000000d5700000,0x00000000d5880000,0x00000000d5880000)
  to   space 3072K, 0% used [0x00000000d5a80000,0x00000000d5a80000,0x00000000d5d80000)
 ParOldGen       total 198656K, used 198281K [0x0000000080000000, 0x000000008c200000, 0x00000000d5580000)
  object space 198656K, 99% used [0x0000000080000000,0x000000008c1a2530,0x000000008c200000)
 Metaspace       used 66828K, committed 68288K, reserved 1114112K
  class space    used 7071K, committed 7744K, reserved 1048576K
}
Event: 135.427 GC heap before
{Heap before GC invocations=113 (full 3):
 PSYoungGen      total 3072K, used 3072K [0x00000000d5580000, 0x00000000d5d80000, 0x0000000100000000)
  eden space 1536K, 100% used [0x00000000d5580000,0x00000000d5700000,0x00000000d5700000)
  from space 1536K, 100% used [0x00000000d5700000,0x00000000d5880000,0x00000000d5880000)
  to   space 3072K, 0% used [0x00000000d5a80000,0x00000000d5a80000,0x00000000d5d80000)
 ParOldGen       total 198656K, used 198281K [0x0000000080000000, 0x000000008c200000, 0x00000000d5580000)
  object space 198656K, 99% used [0x0000000080000000,0x000000008c1a2530,0x000000008c200000)
 Metaspace       used 66848K, committed 68352K, reserved 1114112K
  class space    used 7075K, committed 7744K, reserved 1048576K
}
Event: 135.429 GC heap after
{Heap after GC invocations=113 (full 3):
 PSYoungGen      total 3584K, used 1344K [0x00000000d5580000, 0x00000000d5c00000, 0x0000000100000000)
  eden space 2048K, 0% used [0x00000000d5580000,0x00000000d5580000,0x00000000d5780000)
  from space 1536K, 87% used [0x00000000d5a80000,0x00000000d5bd0000,0x00000000d5c00000)
  to   space 2048K, 0% used [0x00000000d5800000,0x00000000d5800000,0x00000000d5a00000)
 ParOldGen       total 200192K, used 199801K [0x0000000080000000, 0x000000008c380000, 0x00000000d5580000)
  object space 200192K, 99% used [0x0000000080000000,0x000000008c31e530,0x000000008c380000)
 Metaspace       used 66848K, committed 68352K, reserved 1114112K
  class space    used 7075K, committed 7744K, reserved 1048576K
}
Event: 135.436 GC heap before
{Heap before GC invocations=114 (full 3):
 PSYoungGen      total 3584K, used 3391K [0x00000000d5580000, 0x00000000d5c00000, 0x0000000100000000)
  eden space 2048K, 99% used [0x00000000d5580000,0x00000000d577ffc8,0x00000000d5780000)
  from space 1536K, 87% used [0x00000000d5a80000,0x00000000d5bd0000,0x00000000d5c00000)
  to   space 2048K, 0% used [0x00000000d5800000,0x00000000d5800000,0x00000000d5a00000)
 ParOldGen       total 200192K, used 199801K [0x0000000080000000, 0x000000008c380000, 0x00000000d5580000)
  object space 200192K, 99% used [0x0000000080000000,0x000000008c31e530,0x000000008c380000)
 Metaspace       used 66851K, committed 68352K, reserved 1114112K
  class space    used 7075K, committed 7744K, reserved 1048576K
}
Event: 135.439 GC heap after
{Heap after GC invocations=114 (full 3):
 PSYoungGen      total 4608K, used 1615K [0x00000000d5580000, 0x00000000d5c00000, 0x0000000100000000)
  eden space 2560K, 0% used [0x00000000d5580000,0x00000000d5580000,0x00000000d5800000)
  from space 2048K, 78% used [0x00000000d5800000,0x00000000d5993e90,0x00000000d5a00000)
  to   space 2048K, 0% used [0x00000000d5a00000,0x00000000d5a00000,0x00000000d5c00000)
 ParOldGen       total 201216K, used 201073K [0x0000000080000000, 0x000000008c480000, 0x00000000d5580000)
  object space 201216K, 99% used [0x0000000080000000,0x000000008c45c530,0x000000008c480000)
 Metaspace       used 66851K, committed 68352K, reserved 1114112K
  class space    used 7075K, committed 7744K, reserved 1048576K
}
Event: 135.447 GC heap before
{Heap before GC invocations=115 (full 3):
 PSYoungGen      total 4608K, used 4142K [0x00000000d5580000, 0x00000000d5c00000, 0x0000000100000000)
  eden space 2560K, 98% used [0x00000000d5580000,0x00000000d57f7ab0,0x00000000d5800000)
  from space 2048K, 78% used [0x00000000d5800000,0x00000000d5993e90,0x00000000d5a00000)
  to   space 2048K, 0% used [0x00000000d5a00000,0x00000000d5a00000,0x00000000d5c00000)
 ParOldGen       total 201216K, used 201073K [0x0000000080000000, 0x000000008c480000, 0x00000000d5580000)
  object space 201216K, 99% used [0x0000000080000000,0x000000008c45c530,0x000000008c480000)
 Metaspace       used 66851K, committed 68352K, reserved 1114112K
  class space    used 7075K, committed 7744K, reserved 1048576K
}
Event: 135.449 GC heap after
{Heap after GC invocations=115 (full 3):
 PSYoungGen      total 3584K, used 224K [0x00000000d5580000, 0x00000000d5a80000, 0x0000000100000000)
  eden space 3072K, 0% used [0x00000000d5580000,0x00000000d5580000,0x00000000d5880000)
  from space 512K, 43% used [0x00000000d5a00000,0x00000000d5a38000,0x00000000d5a80000)
  to   space 1024K, 0% used [0x00000000d5880000,0x00000000d5880000,0x00000000d5980000)
 ParOldGen       total 201728K, used 201397K [0x0000000080000000, 0x000000008c500000, 0x00000000d5580000)
  object space 201728K, 99% used [0x0000000080000000,0x000000008c4ad5d8,0x000000008c500000)
 Metaspace       used 66851K, committed 68352K, reserved 1114112K
  class space    used 7075K, committed 7744K, reserved 1048576K
}
Event: 135.454 GC heap before
{Heap before GC invocations=116 (full 3):
 PSYoungGen      total 3584K, used 3296K [0x00000000d5580000, 0x00000000d5a80000, 0x0000000100000000)
  eden space 3072K, 100% used [0x00000000d5580000,0x00000000d5880000,0x00000000d5880000)
  from space 512K, 43% used [0x00000000d5a00000,0x00000000d5a38000,0x00000000d5a80000)
  to   space 1024K, 0% used [0x00000000d5880000,0x00000000d5880000,0x00000000d5980000)
 ParOldGen       total 201728K, used 201397K [0x0000000080000000, 0x000000008c500000, 0x00000000d5580000)
  object space 201728K, 99% used [0x0000000080000000,0x000000008c4ad5d8,0x000000008c500000)
 Metaspace       used 66851K, committed 68352K, reserved 1114112K
  class space    used 7075K, committed 7744K, reserved 1048576K
}
Event: 135.457 GC heap after
{Heap after GC invocations=116 (full 3):
 PSYoungGen      total 4096K, used 1007K [0x00000000d5580000, 0x00000000d6180000, 0x0000000100000000)
  eden space 3072K, 0% used [0x00000000d5580000,0x00000000d5580000,0x00000000d5880000)
  from space 1024K, 98% used [0x00000000d5880000,0x00000000d597be90,0x00000000d5980000)
  to   space 4096K, 0% used [0x00000000d5d80000,0x00000000d5d80000,0x00000000d6180000)
 ParOldGen       total 203776K, used 203493K [0x0000000080000000, 0x000000008c700000, 0x00000000d5580000)
  object space 203776K, 99% used [0x0000000080000000,0x000000008c6b95d8,0x000000008c700000)
 Metaspace       used 66851K, committed 68352K, reserved 1114112K
  class space    used 7075K, committed 7744K, reserved 1048576K
}
Event: 139.970 GC heap before
{Heap before GC invocations=117 (full 3):
 PSYoungGen      total 4096K, used 4079K [0x00000000d5580000, 0x00000000d6180000, 0x0000000100000000)
  eden space 3072K, 100% used [0x00000000d5580000,0x00000000d5880000,0x00000000d5880000)
  from space 1024K, 98% used [0x00000000d5880000,0x00000000d597be90,0x00000000d5980000)
  to   space 4096K, 0% used [0x00000000d5d80000,0x00000000d5d80000,0x00000000d6180000)
 ParOldGen       total 203776K, used 203493K [0x0000000080000000, 0x000000008c700000, 0x00000000d5580000)
  object space 203776K, 99% used [0x0000000080000000,0x000000008c6b95d8,0x000000008c700000)
 Metaspace       used 66863K, committed 68352K, reserved 1114112K
  class space    used 7075K, committed 7744K, reserved 1048576K
}
Event: 139.974 GC heap after
{Heap after GC invocations=117 (full 3):
 PSYoungGen      total 5120K, used 1959K [0x00000000d5580000, 0x00000000d5f80000, 0x0000000100000000)
  eden space 3072K, 0% used [0x00000000d5580000,0x00000000d5580000,0x00000000d5880000)
  from space 2048K, 95% used [0x00000000d5d80000,0x00000000d5f69f30,0x00000000d5f80000)
  to   space 2560K, 0% used [0x00000000d5a80000,0x00000000d5a80000,0x00000000d5d00000)
 ParOldGen       total 204800K, used 204517K [0x0000000080000000, 0x000000008c800000, 0x00000000d5580000)
  object space 204800K, 99% used [0x0000000080000000,0x000000008c7b9468,0x000000008c800000)
 Metaspace       used 66863K, committed 68352K, reserved 1114112K
  class space    used 7075K, committed 7744K, reserved 1048576K
}
Event: 139.991 GC heap before
{Heap before GC invocations=118 (full 3):
 PSYoungGen      total 5120K, used 5031K [0x00000000d5580000, 0x00000000d5f80000, 0x0000000100000000)
  eden space 3072K, 100% used [0x00000000d5580000,0x00000000d5880000,0x00000000d5880000)
  from space 2048K, 95% used [0x00000000d5d80000,0x00000000d5f69f30,0x00000000d5f80000)
  to   space 2560K, 0% used [0x00000000d5a80000,0x00000000d5a80000,0x00000000d5d00000)
 ParOldGen       total 204800K, used 204517K [0x0000000080000000, 0x000000008c800000, 0x00000000d5580000)
  object space 204800K, 99% used [0x0000000080000000,0x000000008c7b9468,0x000000008c800000)
 Metaspace       used 66863K, committed 68352K, reserved 1114112K
  class space    used 7075K, committed 7744K, reserved 1048576K
}
Event: 139.996 GC heap after
{Heap after GC invocations=118 (full 3):
 PSYoungGen      total 6656K, used 2560K [0x00000000d5580000, 0x00000000d6480000, 0x0000000100000000)
  eden space 4096K, 0% used [0x00000000d5580000,0x00000000d5580000,0x00000000d5980000)
  from space 2560K, 100% used [0x00000000d5a80000,0x00000000d5d00000,0x00000000d5d00000)
  to   space 5632K, 0% used [0x00000000d5f00000,0x00000000d5f00000,0x00000000d6480000)
 ParOldGen       total 207360K, used 206905K [0x0000000080000000, 0x000000008ca80000, 0x00000000d5580000)
  object space 207360K, 99% used [0x0000000080000000,0x000000008ca0e770,0x000000008ca80000)
 Metaspace       used 66863K, committed 68352K, reserved 1114112K
  class space    used 7075K, committed 7744K, reserved 1048576K
}
Event: 140.036 GC heap before
{Heap before GC invocations=119 (full 3):
 PSYoungGen      total 6656K, used 6656K [0x00000000d5580000, 0x00000000d6480000, 0x0000000100000000)
  eden space 4096K, 100% used [0x00000000d5580000,0x00000000d5980000,0x00000000d5980000)
  from space 2560K, 100% used [0x00000000d5a80000,0x00000000d5d00000,0x00000000d5d00000)
  to   space 5632K, 0% used [0x00000000d5f00000,0x00000000d5f00000,0x00000000d6480000)
 ParOldGen       total 207360K, used 206905K [0x0000000080000000, 0x000000008ca80000, 0x00000000d5580000)
  object space 207360K, 99% used [0x0000000080000000,0x000000008ca0e770,0x000000008ca80000)
 Metaspace       used 66863K, committed 68352K, reserved 1114112K
  class space    used 7075K, committed 7744K, reserved 1048576K
}
Event: 140.043 GC heap after
{Heap after GC invocations=119 (full 3):
 PSYoungGen      total 7680K, used 3446K [0x00000000d5580000, 0x00000000d6280000, 0x0000000100000000)
  eden space 4096K, 0% used [0x00000000d5580000,0x00000000d5580000,0x00000000d5980000)
  from space 3584K, 96% used [0x00000000d5f00000,0x00000000d625db50,0x00000000d6280000)
  to   space 4096K, 0% used [0x00000000d5a80000,0x00000000d5a80000,0x00000000d5e80000)
 ParOldGen       total 209920K, used 209505K [0x0000000080000000, 0x000000008cd00000, 0x00000000d5580000)
  object space 209920K, 99% used [0x0000000080000000,0x000000008cc98770,0x000000008cd00000)
 Metaspace       used 66863K, committed 68352K, reserved 1114112K
  class space    used 7075K, committed 7744K, reserved 1048576K
}
Event: 140.083 GC heap before
{Heap before GC invocations=120 (full 3):
 PSYoungGen      total 7680K, used 7542K [0x00000000d5580000, 0x00000000d6280000, 0x0000000100000000)
  eden space 4096K, 100% used [0x00000000d5580000,0x00000000d5980000,0x00000000d5980000)
  from space 3584K, 96% used [0x00000000d5f00000,0x00000000d625db50,0x00000000d6280000)
  to   space 4096K, 0% used [0x00000000d5a80000,0x00000000d5a80000,0x00000000d5e80000)
 ParOldGen       total 209920K, used 209505K [0x0000000080000000, 0x000000008cd00000, 0x00000000d5580000)
  object space 209920K, 99% used [0x0000000080000000,0x000000008cc98770,0x000000008cd00000)
 Metaspace       used 66866K, committed 68352K, reserved 1114112K
  class space    used 7075K, committed 7744K, reserved 1048576K
}
Event: 140.090 GC heap after
{Heap after GC invocations=120 (full 3):
 PSYoungGen      total 7680K, used 3568K [0x00000000d5580000, 0x00000000d6180000, 0x0000000100000000)
  eden space 4096K, 0% used [0x00000000d5580000,0x00000000d5580000,0x00000000d5980000)
  from space 3584K, 99% used [0x00000000d5a80000,0x00000000d5dfc000,0x00000000d5e00000)
  to   space 3584K, 0% used [0x00000000d5e00000,0x00000000d5e00000,0x00000000d6180000)
 ParOldGen       total 212992K, used 212832K [0x0000000080000000, 0x000000008d000000, 0x00000000d5580000)
  object space 212992K, 99% used [0x0000000080000000,0x000000008cfd82c0,0x000000008d000000)
 Metaspace       used 66866K, committed 68352K, reserved 1114112K
  class space    used 7075K, committed 7744K, reserved 1048576K
}
Event: 140.216 GC heap before
{Heap before GC invocations=121 (full 3):
 PSYoungGen      total 7680K, used 7664K [0x00000000d5580000, 0x00000000d6180000, 0x0000000100000000)
  eden space 4096K, 100% used [0x00000000d5580000,0x00000000d5980000,0x00000000d5980000)
  from space 3584K, 99% used [0x00000000d5a80000,0x00000000d5dfc000,0x00000000d5e00000)
  to   space 3584K, 0% used [0x00000000d5e00000,0x00000000d5e00000,0x00000000d6180000)
 ParOldGen       total 212992K, used 212832K [0x0000000080000000, 0x000000008d000000, 0x00000000d5580000)
  object space 212992K, 99% used [0x0000000080000000,0x000000008cfd82c0,0x000000008d000000)
 Metaspace       used 66896K, committed 68416K, reserved 1114112K
  class space    used 7075K, committed 7744K, reserved 1048576K
}
Event: 140.225 GC heap after
{Heap after GC invocations=121 (full 3):
 PSYoungGen      total 5632K, used 1056K [0x00000000d5580000, 0x00000000d5f80000, 0x0000000100000000)
  eden space 4096K, 0% used [0x00000000d5580000,0x00000000d5580000,0x00000000d5980000)
  from space 1536K, 68% used [0x00000000d5e00000,0x00000000d5f08000,0x00000000d5f80000)
  to   space 2048K, 0% used [0x00000000d5b80000,0x00000000d5b80000,0x00000000d5d80000)
 ParOldGen       total 216576K, used 216322K [0x0000000080000000, 0x000000008d380000, 0x00000000d5580000)
  object space 216576K, 99% used [0x0000000080000000,0x000000008d340a38,0x000000008d380000)
 Metaspace       used 66896K, committed 68416K, reserved 1114112K
  class space    used 7075K, committed 7744K, reserved 1048576K
}

